Performing C++ SOURCE FILE Test COMPILER_SUPPORTS_CXX0X failed with the following output:
Change Dir: C:/Code/MAT 240B/allolib_playground/MAT201B/color_spaces/build/color_spaces/Release/CMakeFiles/CMakeTmp

Run Build Command(s):C:/Program Files (x86)/Microsoft Visual Studio/2017/BuildTools/MSBuild/15.0/Bin/MSBuild.exe cmTC_8a42d.vcxproj /p:Configuration=Debug /p:Platform=x64 /p:VisualStudioVersion=15.0 /v:m && Microsoft (R) Build Engine version 15.9.21+g9802d43bc3 for .NET Framework
Copyright (C) Microsoft Corporation. All rights reserved.

  Microsoft (R) C/C++ Optimizing Compiler Version 19.16.27034 for x64
  Copyright (C) Microsoft Corporation.  All rights reserved.
  
  cl /c /Zi /W3 /WX- /diagnostics:classic /Od /Ob0 /D WIN32 /D _WINDOWS /D COMPILER_SUPPORTS_CXX0X /D "CMAKE_INTDIR=\"Debug\"" /D _MBCS /Gm- /EHsc /RTC1 /MDd /GS /fp:precise /Zc:wchar_t /Zc:forScope /Zc:inline /GR /Fo"cmTC_8a42d.dir\Debug\\" /Fd"cmTC_8a42d.dir\Debug\vc141.pdb" /Gd /TP /errorReport:queue  -std=c++0x "C:\Code\MAT 240B\allolib_playground\MAT201B\color_spaces\build\color_spaces\Release\CMakeFiles\CMakeTmp\src.cxx"
  src.cxx
  
cl : Command line warning D9002: ignoring unknown option '-std=c++0x' [C:\Code\MAT 240B\allolib_playground\MAT201B\color_spaces\build\color_spaces\Release\CMakeFiles\CMakeTmp\cmTC_8a42d.vcxproj]
  cmTC_8a42d.vcxproj -> C:\Code\MAT 240B\allolib_playground\MAT201B\color_spaces\build\color_spaces\Release\CMakeFiles\CMakeTmp\Debug\cmTC_8a42d.exe


Source file was:
int main() { return 0; }
Determining if the include file pthread.h exists failed with the following output:
Change Dir: C:/Code/MAT 240B/allolib_playground/MAT201B/color_spaces/build/color_spaces/Release/CMakeFiles/CMakeTmp

Run Build Command(s):C:/Program Files (x86)/Microsoft Visual Studio/2017/BuildTools/MSBuild/15.0/Bin/MSBuild.exe cmTC_144b9.vcxproj /p:Configuration=Debug /p:Platform=x64 /p:VisualStudioVersion=15.0 /v:m && Microsoft (R) Build Engine version 15.9.21+g9802d43bc3 for .NET Framework
Copyright (C) Microsoft Corporation. All rights reserved.

  Microsoft (R) C/C++ Optimizing Compiler Version 19.16.27034 for x64
  Copyright (C) Microsoft Corporation.  All rights reserved.
  
  cl /c /Zi /W3 /WX- /diagnostics:classic /Od /Ob0 /D WIN32 /D _WINDOWS /D "CMAKE_INTDIR=\"Debug\"" /D _MBCS /Gm- /RTC1 /MDd /GS /fp:precise /Zc:wchar_t /Zc:forScope /Zc:inline /Fo"cmTC_144b9.dir\Debug\\" /Fd"cmTC_144b9.dir\Debug\vc141.pdb" /Gd /TC /errorReport:queue "C:\Code\MAT 240B\allolib_playground\MAT201B\color_spaces\build\color_spaces\Release\CMakeFiles\CMakeTmp\CheckIncludeFile.c"
  CheckIncludeFile.c
  
C:\Code\MAT 240B\allolib_playground\MAT201B\color_spaces\build\color_spaces\Release\CMakeFiles\CMakeTmp\CheckIncludeFile.c(1): fatal error C1083: Cannot open include file: 'pthread.h': No such file or directory [C:\Code\MAT 240B\allolib_playground\MAT201B\color_spaces\build\color_spaces\Release\CMakeFiles\CMakeTmp\cmTC_144b9.vcxproj]



Determining if the function gettimeofday exists failed with the following output:
Change Dir: C:/Code/MAT 240B/allolib_playground/MAT201B/color_spaces/build/color_spaces/Release/CMakeFiles/CMakeTmp

Run Build Command(s):C:/Program Files (x86)/Microsoft Visual Studio/2017/BuildTools/MSBuild/15.0/Bin/MSBuild.exe cmTC_9cdad.vcxproj /p:Configuration=Debug /p:Platform=x64 /p:VisualStudioVersion=15.0 /v:m && Microsoft (R) Build Engine version 15.9.21+g9802d43bc3 for .NET Framework
Copyright (C) Microsoft Corporation. All rights reserved.

  Microsoft (R) C/C++ Optimizing Compiler Version 19.16.27034 for x64
  Copyright (C) Microsoft Corporation.  All rights reserved.
  
  cl /c /Zi /W3 /WX- /diagnostics:classic /Od /Ob0 /D WIN32 /D _WINDOWS /D CHECK_FUNCTION_EXISTS=gettimeofday /D "CMAKE_INTDIR=\"Debug\"" /D _MBCS /Gm- /RTC1 /MDd /GS /fp:precise /Zc:wchar_t /Zc:forScope /Zc:inline /Fo"cmTC_9cdad.dir\Debug\\" /Fd"cmTC_9cdad.dir\Debug\vc141.pdb" /Gd /TC /errorReport:queue "C:\Program Files\CMake\share\cmake-3.16\Modules\CheckFunctionExists.c"
  CheckFunctionExists.c
  
CheckFunctionExists.obj : error LNK2019: unresolved external symbol gettimeofday referenced in function main [C:\Code\MAT 240B\allolib_playground\MAT201B\color_spaces\build\color_spaces\Release\CMakeFiles\CMakeTmp\cmTC_9cdad.vcxproj]
C:\Code\MAT 240B\allolib_playground\MAT201B\color_spaces\build\color_spaces\Release\CMakeFiles\CMakeTmp\Debug\cmTC_9cdad.exe : fatal error LNK1120: 1 unresolved externals [C:\Code\MAT 240B\allolib_playground\MAT201B\color_spaces\build\color_spaces\Release\CMakeFiles\CMakeTmp\cmTC_9cdad.vcxproj]



